<?xml version="1.0" encoding="UTF-8"?>
<!-- Generated by org.testng.reporters.JUnitReportReporter -->
<testsuite hostname="Krishna" failures="0" tests="4" name="com.tutorialsninjauat.testcase.Register" time="59.915" errors="0" timestamp="2024-07-17T22:31:01 IST" skipped="0">
  <testcase classname="com.tutorialsninjauat.testcase.Register" name="verifyRegisteredWithMandatoryFields" time="25.922"/>
  <testcase classname="com.tutorialsninjauat.testcase.Register" name="verifyRegisteredWithAllFields" time="9.059"/>
  <testcase classname="com.tutorialsninjauat.testcase.Register" name="verifyRegisteredWithDuplicateEmail" time="11.653"/>
  <testcase classname="com.tutorialsninjauat.testcase.Register" name="verifyRegisteredWithoutFields" time="13.281"/>
</testsuite> <!-- com.tutorialsninjauat.testcase.Register -->
