<?xml version="1.0" encoding="UTF-8"?>
<!-- Generated by org.testng.reporters.JUnitReportReporter -->
<testsuite hostname="Krishna" failures="0" tests="5" name="com.tutorialsninjauat.testcase.Login" time="143.620" errors="0" timestamp="2024-07-17T22:43:41 IST" skipped="0">
  <testcase classname="com.tutorialsninjauat.testcase.Login" name="VeriyLoginWithValidEmaiAndPassword" time="19.227"/>
  <testcase classname="com.tutorialsninjauat.testcase.Login" name="VerifyLoginWithInvalidEmailANDInvalidPassword" time="20.484"/>
  <testcase classname="com.tutorialsninjauat.testcase.Login" name="VerifyLoginWithInvalidEmaiAndValidPassword" time="29.673"/>
  <testcase classname="com.tutorialsninjauat.testcase.Login" name="VerifyLoginWithValidEmailAndInvalidPassword" time="65.559"/>
  <testcase classname="com.tutorialsninjauat.testcase.Login" name="VerifyLoginWithoutEmailAndPassword" time="8.677"/>
</testsuite> <!-- com.tutorialsninjauat.testcase.Login -->
